<?xml version="1.0" encoding="UTF-8"?>
<testsuite xmlns:xsi="http://www.w3.org/2001/XMLSchema-instance" xsi:noNamespaceSchemaLocation="https://maven.apache.org/surefire/maven-surefire-plugin/xsd/surefire-test-report-3.0.xsd" version="3.0" name="cheeseCakeFactorySmoke.CheeseCakeFactorySmokeTest" time="62.146" tests="2" errors="0" skipped="0" failures="1">
  <properties>
[...]
</properties>
  <testcase name="verifyPageTitle on verifyPageTitle(cheeseCakeFactorySmoke.CheeseCakeFactorySmokeTest)" classname="cheeseCakeFactorySmoke.CheeseCakeFactorySmokeTest" time="34.484"/>
  <testcase name="SignupNewUser on SignupNewUser(cheeseCakeFactorySmoke.CheeseCakeFactorySmokeTest)" classname="cheeseCakeFactorySmoke.CheeseCakeFactorySmokeTest" time="23.216">
    <failure message="element click intercepted: Element &lt;a href=&quot;/connect/email-sign-up/&quot; class=&quot;social-email&quot; data-internal=&quot;41555&quot;&gt;...&lt;/a&gt; is not clickable at point (367, 598). Other element would receive the click: &lt;div class=&quot;banner-cookie-policy visible&quot; id=&quot;banner-cookie-policy&quot;&gt;...&lt;/div&gt;&#10;  (Session info: chrome=91.0.4472.114)&#10;Build info: version: &apos;3.14.0&apos;, revision: &apos;aacccce0&apos;, time: &apos;2018-08-02T20:19:58.91Z&apos;&#10;System info: host: &apos;LAPTOP-F0E388F8&apos;, ip: &apos;192.168.147.1&apos;, os.name: &apos;Windows 10&apos;, os.arch: &apos;x86&apos;, os.version: &apos;10.0&apos;, java.version: &apos;1.8.0_172&apos;&#10;Driver info: org.openqa.selenium.chrome.ChromeDriver&#10;Capabilities {acceptInsecureCerts: false, browserName: chrome, browserVersion: 91.0.4472.114, chrome: {chromedriverVersion: 90.0.4430.24 (4c6d850f087da..., userDataDir: C:\Users\sahad\AppData\Loca...}, goog:chromeOptions: {debuggerAddress: localhost:59714}, javascriptEnabled: true, networkConnectionEnabled: false, pageLoadStrategy: normal, platform: WINDOWS, platformName: WINDOWS, proxy: Proxy(), setWindowRect: true, strictFileInteractability: false, timeouts: {implicit: 0, pageLoad: 300000, script: 30000}, unhandledPromptBehavior: dismiss and notify, webauthn:extension:largeBlob: true, webauthn:virtualAuthenticators: true}&#10;Session ID: 9b4aff90eebbc3f4104e2e482760415b" type="org.openqa.selenium.ElementClickInterceptedException"><![CDATA[org.openqa.selenium.ElementClickInterceptedException: 
element click intercepted: Element <a href="/connect/email-sign-up/" class="social-email" data-internal="41555">...</a> is not clickable at point (367, 598). Other element would receive the click: <div class="banner-cookie-policy visible" id="banner-cookie-policy">...</div>
  (Session info: chrome=91.0.4472.114)
Build info: version: '3.14.0', revision: 'aacccce0', time: '2018-08-02T20:19:58.91Z'
System info: host: 'LAPTOP-F0E388F8', ip: '192.168.147.1', os.name: 'Windows 10', os.arch: 'x86', os.version: '10.0', java.version: '1.8.0_172'
Driver info: org.openqa.selenium.chrome.ChromeDriver
Capabilities {acceptInsecureCerts: false, browserName: chrome, browserVersion: 91.0.4472.114, chrome: {chromedriverVersion: 90.0.4430.24 (4c6d850f087da..., userDataDir: C:\Users\sahad\AppData\Loca...}, goog:chromeOptions: {debuggerAddress: localhost:59714}, javascriptEnabled: true, networkConnectionEnabled: false, pageLoadStrategy: normal, platform: WINDOWS, platformName: WINDOWS, proxy: Proxy(), setWindowRect: true, strictFileInteractability: false, timeouts: {implicit: 0, pageLoad: 300000, script: 30000}, unhandledPromptBehavior: dismiss and notify, webauthn:extension:largeBlob: true, webauthn:virtualAuthenticators: true}
Session ID: 9b4aff90eebbc3f4104e2e482760415b
	at cheeseCakeFactorySmoke.CheeseCakeFactorySmokeTest.SignupNewUser(CheeseCakeFactorySmokeTest.java:77)
]]></failure>
    <system-err><![CDATA[Starting ChromeDriver 90.0.4430.24 (4c6d850f087da467d926e8eddb76550aed655991-refs/branch-heads/4430@{#429}) on port 19667
Only local connections are allowed.
Please see https://chromedriver.chromium.org/security-considerations for suggestions on keeping ChromeDriver safe.
ChromeDriver was started successfully.
[1624782317.327][WARNING]: This version of ChromeDriver has not been tested with Chrome version 91.
Jun 27, 2021 4:25:17 AM org.openqa.selenium.remote.ProtocolHandshake createSession
INFO: Detected dialect: W3C
]]></system-err>
  </testcase>
</testsuite>